SF:lib/src/providers/use_case.dart
DA:16,5
DA:22,5
DA:24,2
DA:26,2
DA:29,3
DA:31,3
DA:33,3
DA:34,3
DA:36,3
DA:37,6
DA:39,2
DA:41,6
DA:44,3
DA:45,6
DA:46,2
DA:48,6
DA:49,6
DA:52,4
DA:53,8
DA:54,2
DA:56,8
DA:60,3
DA:65,6
DA:66,2
DA:67,1
DA:69,6
DA:70,6
DA:87,1
DA:99,7
DA:103,1
DA:104,2
LF:31
LH:31
end_of_record
SF:lib/src/providers/entity.dart
DA:6,1
LF:1
LH:1
end_of_record
SF:lib/src/app_providers_container.dart
DA:10,1
DA:15,1
DA:17,1
DA:19,1
DA:21,2
DA:22,1
DA:23,2
DA:24,1
DA:32,7
DA:33,7
DA:35,14
DA:37,1
DA:38,2
LF:13
LH:13
end_of_record
SF:lib/src/feature_state/feature.dart
DA:13,2
DA:16,2
DA:17,6
LF:3
LH:3
end_of_record
SF:lib/src/feature_state/feature_mapper.dart
DA:13,6
DA:15,1
DA:17,1
DA:20,2
DA:21,2
DA:23,4
DA:24,1
DA:26,2
DA:28,4
DA:29,2
DA:30,2
DA:31,2
DA:33,4
DA:34,6
DA:47,1
DA:48,2
DA:54,2
DA:55,4
DA:56,4
DA:57,4
DA:62,8
LF:21
LH:21
end_of_record
SF:lib/src/feature_state/feature_state_provider.dart
DA:22,1
DA:23,1
DA:27,2
DA:30,3
LF:4
LH:4
end_of_record
SF:lib/src/feature_state/feature_widget.dart
DA:25,1
DA:29,1
DA:39,1
DA:41,1
DA:45,1
DA:47,1
DA:49,5
DA:52,1
DA:54,5
DA:55,3
DA:58,6
DA:59,2
DA:62,2
LF:13
LH:13
end_of_record
SF:lib/src/logger.dart
DA:23,19
LF:1
LH:1
end_of_record
SF:lib/src/routing/app_router.dart
DA:8,1
DA:13,1
DA:20,3
DA:22,1
DA:23,2
DA:26,3
DA:28,1
DA:29,2
DA:30,5
DA:31,1
DA:32,1
DA:33,1
DA:34,2
DA:40,1
DA:46,2
DA:47,2
DA:54,1
DA:55,2
DA:58,4
DA:60,1
DA:61,1
DA:65,1
DA:77,1
DA:78,1
DA:79,1
DA:80,2
DA:81,5
DA:82,1
DA:83,1
DA:84,1
DA:85,2
DA:93,1
DA:105,1
DA:106,1
DA:107,1
DA:108,1
DA:109,1
DA:110,1
DA:114,1
DA:116,2
DA:117,1
DA:119,2
LF:42
LH:42
end_of_record
SF:lib/src/providers/use_case_provider.dart
DA:11,8
DA:12,8
DA:14,1
DA:15,2
DA:17,8
DA:19,6
DA:20,24
DA:23,1
DA:24,1
DA:25,5
LF:10
LH:10
end_of_record
SF:lib/src/providers/gateway_provider.dart
DA:11,4
DA:13,1
DA:14,2
DA:16,8
LF:4
LH:4
end_of_record
SF:lib/src/providers/external_interface_provider.dart
DA:11,2
DA:13,1
DA:14,2
DA:16,4
LF:4
LH:4
end_of_record
SF:lib/src/providers/view_model.dart
DA:6,2
LF:1
LH:1
end_of_record
SF:lib/src/providers/presenter.dart
DA:11,2
DA:14,2
DA:15,2
DA:19,2
DA:21,2
DA:23,1
DA:24,2
DA:31,2
DA:32,2
DA:34,2
DA:36,2
DA:37,12
DA:40,2
DA:42,2
DA:43,10
DA:46,2
DA:48,6
DA:50,8
DA:51,10
DA:54,2
DA:55,6
LF:21
LH:21
end_of_record
SF:lib/src/providers/ui.dart
DA:6,1
DA:9,1
DA:10,2
DA:17,1
DA:19,1
DA:23,1
DA:25,2
DA:26,3
LF:8
LH:8
end_of_record
SF:lib/src/providers/gateway.dart
DA:13,8
DA:18,8
DA:21,13
DA:22,16
DA:24,18
DA:28,6
DA:29,12
DA:30,6
DA:31,18
DA:32,18
DA:46,1
DA:51,2
DA:53,1
DA:54,1
DA:55,3
DA:66,4
DA:69,4
DA:71,2
DA:72,2
DA:74,3
DA:76,9
DA:85,8
DA:87,1
DA:93,8
DA:94,1
DA:99,8
DA:101,2
DA:102,2
DA:106,8
DA:108,2
DA:109,2
LF:31
LH:31
end_of_record
SF:lib/src/providers/external_interface.dart
DA:8,4
DA:9,4
DA:10,7
DA:12,6
DA:14,3
DA:15,4
DA:16,3
DA:18,6
DA:19,3
DA:29,4
DA:32,25
DA:33,3
DA:34,3
DA:36,3
DA:38,2
DA:39,2
DA:40,3
DA:41,2
DA:42,6
DA:43,2
DA:48,6
DA:65,6
DA:70,9
DA:72,6
DA:74,9
DA:79,4
LF:26
LH:26
end_of_record
SF:lib/src/routing/route_information_parser.dart
DA:19,0
DA:21,0
DA:25,0
DA:26,0
DA:30,0
DA:33,0
DA:34,0
DA:35,0
DA:37,0
DA:38,0
LF:10
LH:0
end_of_record
SF:lib/src/routing/router_scope.dart
DA:18,0
DA:25,0
DA:27,0
DA:28,0
DA:33,0
DA:35,0
DA:37,0
DA:42,0
DA:49,0
DA:51,0
DA:52,0
DA:55,0
DA:57,0
DA:58,0
DA:59,0
DA:63,0
DA:65,0
DA:66,0
DA:67,0
DA:68,0
DA:72,0
DA:73,0
DA:74,0
DA:75,0
DA:76,0
DA:77,0
DA:91,0
DA:96,0
DA:98,0
DA:100,0
LF:30
LH:0
end_of_record
SF:lib/src/routing/router.dart
DA:32,0
DA:35,0
DA:40,0
DA:43,0
DA:44,0
DA:45,0
DA:49,0
DA:51,0
DA:52,0
DA:53,0
DA:58,0
DA:59,0
DA:60,0
DA:61,0
DA:62,0
DA:63,0
DA:64,0
DA:69,0
DA:70,0
DA:71,0
DA:72,0
DA:73,0
DA:74,0
DA:75,0
DA:76,0
DA:80,0
DA:81,0
DA:82,0
DA:83,0
DA:84,0
DA:85,0
DA:91,0
DA:92,0
DA:93,0
DA:94,0
DA:96,0
DA:97,0
DA:99,0
DA:104,0
DA:106,0
DA:107,0
DA:108,0
DA:109,0
DA:110,0
DA:115,0
DA:116,0
DA:117,0
DA:121,0
DA:122,0
DA:123,0
DA:126,0
DA:127,0
DA:128,0
LF:53
LH:0
end_of_record
SF:lib/src/routing/route_page.dart
DA:9,0
DA:13,0
DA:17,0
DA:21,0
DA:22,0
DA:24,0
DA:25,0
DA:37,0
DA:40,0
DA:41,0
DA:42,0
DA:43,0
DA:47,0
DA:48,0
DA:49,0
DA:50,0
DA:51,0
DA:52,0
DA:53,0
DA:55,0
LF:20
LH:0
end_of_record
SF:lib/src/routing/router_delegate.dart
DA:19,0
DA:22,0
DA:26,0
DA:27,0
DA:29,0
DA:30,0
DA:31,0
DA:36,0
DA:38,0
DA:39,0
DA:41,0
DA:44,0
DA:45,0
DA:47,0
DA:50,0
DA:51,0
DA:52,0
DA:53,0
DA:54,0
DA:55,0
LF:20
LH:0
end_of_record
SF:lib/src/routing/router_extensions.dart
DA:11,0
DA:14,0
DA:15,0
DA:17,0
DA:25,0
DA:27,0
DA:28,0
DA:29,0
DA:30,0
LF:9
LH:0
end_of_record
SF:lib/src/tests/feature_tester.dart
DA:11,1
DA:13,1
DA:14,1
DA:15,2
DA:17,3
DA:19,1
DA:20,4
LF:7
LH:7
end_of_record
SF:lib/src/tests/firebase_client_fake.dart
DA:8,1
DA:11,1
DA:15,1
DA:17,1
DA:21,1
DA:22,1
DA:26,1
DA:32,1
DA:35,1
DA:36,6
DA:37,2
DA:40,1
DA:42,1
DA:43,6
DA:44,2
DA:48,1
DA:53,2
DA:56,1
DA:59,1
DA:62,1
DA:63,2
LF:21
LH:21
end_of_record
SF:lib/src/defaults/providers/firebase/firebase_client.dart
DA:4,2
DA:5,1
DA:14,1
DA:21,2
DA:22,3
DA:29,4
DA:30,1
DA:32,5
DA:38,1
DA:45,2
DA:46,3
DA:52,5
DA:56,1
DA:62,5
DA:66,4
DA:70,1
DA:74,5
DA:75,1
DA:77,1
DA:79,2
DA:83,1
DA:84,1
DA:85,2
DA:86,1
DA:88,2
DA:92,1
DA:93,1
DA:97,1
DA:100,3
DA:102,2
DA:104,1
DA:105,2
DA:106,1
DA:107,2
DA:108,1
DA:110,1
DA:114,1
DA:118,4
DA:120,2
DA:121,1
DA:123,2
DA:124,1
DA:130,1
DA:133,3
DA:135,3
DA:136,1
DA:138,2
DA:139,1
DA:140,2
DA:141,1
DA:143,2
DA:153,1
DA:154,1
DA:156,3
LF:54
LH:54
end_of_record
SF:lib/src/tests/provider_tester.dart
DA:8,1
DA:10,1
DA:11,1
DA:12,2
LF:4
LH:4
end_of_record
SF:lib/src/tests/test_helpers.dart
DA:10,1
DA:12,1
DA:30,1
DA:36,1
DA:38,1
DA:39,2
DA:41,3
DA:44,1
DA:46,1
DA:47,1
DA:51,2
DA:53,1
DA:59,2
DA:60,1
DA:62,1
DA:73,1
DA:83,1
DA:85,1
DA:86,1
DA:87,1
DA:89,1
DA:93,1
DA:94,4
DA:95,1
DA:99,1
DA:100,1
DA:102,1
LF:27
LH:27
end_of_record
SF:lib/src/tests/use_case_fake.dart
DA:12,6
DA:14,4
DA:15,4
DA:18,4
DA:22,12
DA:23,8
DA:24,4
DA:25,4
DA:28,1
DA:30,3
DA:33,5
DA:35,5
DA:38,4
DA:39,8
DA:40,12
DA:41,4
DA:42,4
DA:43,8
DA:50,7
DA:52,4
DA:53,8
DA:55,8
LF:22
LH:22
end_of_record
SF:lib/src/defaults/feature_state/feature_state.dart
DA:1,10
LF:1
LH:1
end_of_record
SF:lib/src/defaults/providers/firebase/firebase_external_interface.dart
DA:13,1
DA:16,1
DA:17,1
DA:19,1
DA:21,2
DA:22,2
DA:23,2
DA:24,2
DA:25,2
DA:27,2
DA:28,2
DA:31,1
DA:35,5
DA:36,1
DA:37,2
DA:39,2
DA:43,1
DA:47,4
DA:48,1
DA:49,2
DA:51,2
DA:55,1
DA:59,3
DA:60,1
DA:61,1
DA:62,1
DA:64,1
DA:65,2
DA:67,3
DA:71,1
DA:75,3
DA:76,1
DA:77,1
DA:78,1
DA:80,3
DA:83,1
DA:87,5
DA:88,3
DA:91,1
DA:95,4
DA:96,1
DA:97,3
DA:101,1
DA:105,3
DA:106,1
DA:107,3
LF:46
LH:46
end_of_record
SF:lib/src/defaults/providers/firebase/firebase_gateway.dart
DA:9,1
DA:11,1
DA:13,1
DA:14,1
LF:4
LH:4
end_of_record
SF:lib/src/defaults/providers/firebase/firebase_watcher_gateway.dart
DA:12,1
DA:14,1
LF:2
LH:2
end_of_record
SF:lib/src/defaults/providers/firebase/firebase_requests.dart
DA:6,3
DA:8,2
DA:10,3
DA:14,4
DA:16,3
DA:21,2
DA:22,2
DA:23,1
DA:24,3
DA:28,4
DA:30,3
DA:35,3
DA:36,3
DA:38,4
DA:43,2
DA:44,2
DA:46,4
DA:51,2
DA:52,2
DA:54,4
DA:59,2
DA:60,2
DA:62,4
LF:23
LH:23
end_of_record
SF:lib/src/defaults/providers/firebase/firebase_responses.dart
DA:5,3
DA:7,1
DA:8,2
LF:3
LH:3
end_of_record
SF:lib/src/defaults/providers/graphql/src/graphql_service.dart
DA:7,2
DA:11,2
DA:13,1
DA:17,2
DA:20,1
DA:21,1
DA:22,1
DA:27,6
DA:30,1
DA:36,1
DA:37,3
DA:38,1
DA:39,3
DA:43,1
DA:44,1
DA:46,3
DA:49,1
DA:52,1
DA:58,1
DA:62,1
DA:63,1
DA:64,1
DA:66,2
DA:69,1
DA:73,1
DA:74,1
DA:75,1
DA:77,2
DA:82,1
DA:88,1
DA:90,1
DA:91,2
LF:32
LH:32
end_of_record
SF:lib/src/defaults/providers/rest/src/rest_service.dart
DA:7,0
DA:8,0
DA:10,0
DA:15,0
DA:16,0
DA:18,0
DA:19,0
DA:22,0
DA:23,0
DA:24,0
DA:26,0
DA:27,0
DA:29,0
DA:31,0
DA:32,0
DA:35,0
DA:37,0
DA:40,0
DA:41,0
LF:19
LH:0
end_of_record
SF:lib/src/defaults/network_service.dart
DA:1,10
DA:9,10
DA:15,1
DA:17,1
DA:19,1
DA:21,1
DA:23,1
DA:25,1
DA:35,3
DA:37,4
DA:38,3
LF:11
LH:11
end_of_record
SF:lib/src/defaults/providers/graphql/src/graphql_external_interface.dart
DA:13,1
DA:17,1
DA:18,1
DA:20,1
DA:22,1
DA:23,1
DA:25,3
DA:27,1
DA:28,1
DA:30,2
DA:33,2
DA:37,1
DA:38,1
DA:40,3
DA:42,1
DA:43,1
DA:46,2
DA:49,2
LF:18
LH:18
end_of_record
SF:lib/src/defaults/providers/graphql/src/graphql_gateway.dart
DA:8,2
DA:12,2
DA:14,1
DA:16,1
LF:4
LH:4
end_of_record
SF:lib/src/defaults/providers/graphql/src/graphql_requests.dart
DA:5,2
LF:1
LH:1
end_of_record
SF:lib/src/defaults/providers/graphql/src/graphql_responses.dart
DA:6,2
LF:1
LH:1
end_of_record
SF:lib/src/defaults/providers/rest/src/rest_external_interface.dart
DA:12,0
DA:18,0
DA:22,0
DA:24,0
DA:26,0
DA:27,0
DA:28,0
DA:29,0
DA:30,0
DA:31,0
DA:34,0
LF:11
LH:0
end_of_record
SF:lib/src/defaults/providers/rest/src/rest_gateway.dart
DA:8,0
DA:11,0
LF:2
LH:0
end_of_record
SF:lib/src/defaults/providers/rest/src/rest_requests.dart
DA:6,0
DA:12,0
DA:16,0
DA:18,0
DA:20,0
DA:22,0
DA:26,0
DA:30,0
DA:34,0
DA:38,0
LF:10
LH:0
end_of_record
SF:lib/src/defaults/providers/rest/src/rest_responses.dart
DA:6,0
LF:1
LH:0
end_of_record
SF:lib/src/tests/gateway_fake.dart
DA:22,2
DA:27,1
DA:29,1
DA:30,5
LF:4
LH:4
end_of_record
